2022-04-28 11:45:28.055  INFO 17996 --- [restartedMain] c.d.g.GalleryServiceApplication          : Starting GalleryServiceApplication using Java 11.0.14 on DungNV9-D6 with PID 17996 (E:\example\microservice example\gallery-service\target\classes started by Admin in E:\example\microservice example\gallery-service)
2022-04-28 11:45:28.056  INFO 17996 --- [restartedMain] c.d.g.GalleryServiceApplication          : No active profile set, falling back to 1 default profile: "default"
2022-04-28 11:45:28.189  INFO 17996 --- [restartedMain] o.s.cloud.context.scope.GenericScope     : BeanFactory id=ead9ae25-360c-3d11-9fc8-328fae897805
2022-04-28 11:45:28.234  INFO 17996 --- [restartedMain] o.s.b.w.embedded.tomcat.TomcatWebServer  : Tomcat initialized with port(s): 8082 (http)
2022-04-28 11:45:28.234  INFO 17996 --- [restartedMain] o.apache.catalina.core.StandardService   : Starting service [Tomcat]
2022-04-28 11:45:28.235  INFO 17996 --- [restartedMain] org.apache.catalina.core.StandardEngine  : Starting Servlet engine: [Apache Tomcat/9.0.62]
2022-04-28 11:45:28.259  INFO 17996 --- [restartedMain] o.a.c.c.C.[Tomcat].[localhost].[/]       : Initializing Spring embedded WebApplicationContext
2022-04-28 11:45:28.260  INFO 17996 --- [restartedMain] w.s.c.ServletWebServerApplicationContext : Root WebApplicationContext: initialization completed in 203 ms
2022-04-28 11:45:28.284  WARN 17996 --- [restartedMain] c.n.c.sources.URLConfigurationSource     : No URLs will be polled as dynamic configuration sources.
2022-04-28 11:45:28.284  INFO 17996 --- [restartedMain] c.n.c.sources.URLConfigurationSource     : To enable URLs as dynamic configuration sources, define System property archaius.configurationSource.additionalUrls or make config.properties available on classpath.
2022-04-28 11:45:28.363  INFO 17996 --- [restartedMain] o.s.b.d.a.OptionalLiveReloadServer       : LiveReload server is running on port 35729
2022-04-28 11:45:28.441  INFO 17996 --- [restartedMain] DiscoveryClientOptionalArgsConfiguration : Eureka HTTP Client uses RestTemplate.
2022-04-28 11:45:28.534  WARN 17996 --- [restartedMain] iguration$LoadBalancerCaffeineWarnLogger : Spring Cloud LoadBalancer is currently working with the default cache. While this cache implementation is useful for development and tests, it's recommended to use Caffeine cache in production.You can switch to using Caffeine cache, by adding it and org.springframework.cache.caffeine.CaffeineCacheManager to the classpath.
2022-04-28 11:45:28.540  INFO 17996 --- [restartedMain] o.s.c.n.eureka.InstanceInfoFactory       : Setting initial instance status as: STARTING
2022-04-28 11:45:28.541  INFO 17996 --- [restartedMain] com.netflix.discovery.DiscoveryClient    : Initializing Eureka in region us-east-1
2022-04-28 11:45:28.542  INFO 17996 --- [restartedMain] c.n.d.s.r.aws.ConfigClusterResolver      : Resolving eureka endpoints via configuration
2022-04-28 11:45:28.542  INFO 17996 --- [restartedMain] com.netflix.discovery.DiscoveryClient    : Disable delta property : false
2022-04-28 11:45:28.542  INFO 17996 --- [restartedMain] com.netflix.discovery.DiscoveryClient    : Single vip registry refresh property : null
2022-04-28 11:45:28.543  INFO 17996 --- [restartedMain] com.netflix.discovery.DiscoveryClient    : Force full registry fetch : false
2022-04-28 11:45:28.543  INFO 17996 --- [restartedMain] com.netflix.discovery.DiscoveryClient    : Application is null : false
2022-04-28 11:45:28.543  INFO 17996 --- [restartedMain] com.netflix.discovery.DiscoveryClient    : Registered Applications size is zero : true
2022-04-28 11:45:28.543  INFO 17996 --- [restartedMain] com.netflix.discovery.DiscoveryClient    : Application version is -1: true
2022-04-28 11:45:28.543  INFO 17996 --- [restartedMain] com.netflix.discovery.DiscoveryClient    : Getting all instance registry info from the eureka server
2022-04-28 11:45:28.552  INFO 17996 --- [restartedMain] com.netflix.discovery.DiscoveryClient    : The response status is 200
2022-04-28 11:45:28.552  INFO 17996 --- [restartedMain] com.netflix.discovery.DiscoveryClient    : Starting heartbeat executor: renew interval is: 30
2022-04-28 11:45:28.553  INFO 17996 --- [restartedMain] c.n.discovery.InstanceInfoReplicator     : InstanceInfoReplicator onDemand update allowed rate per min is 4
2022-04-28 11:45:28.554  INFO 17996 --- [restartedMain] com.netflix.discovery.DiscoveryClient    : Discovery Client initialized at timestamp 1651121128554 with initial instances count: 3
2022-04-28 11:45:28.556  INFO 17996 --- [restartedMain] o.s.c.n.e.s.EurekaServiceRegistry        : Registering application GALLERY-SERVICE with eureka with status UP
2022-04-28 11:45:28.556  INFO 17996 --- [restartedMain] com.netflix.discovery.DiscoveryClient    : Saw local status change event StatusChangeEvent [timestamp=1651121128556, current=UP, previous=STARTING]
2022-04-28 11:45:28.557  INFO 17996 --- [DiscoveryClient-InstanceInfoReplicator-0] com.netflix.discovery.DiscoveryClient    : DiscoveryClient_GALLERY-SERVICE/host.docker.internal:gallery-service:8082: registering service...
2022-04-28 11:45:28.560  INFO 17996 --- [restartedMain] o.s.b.w.embedded.tomcat.TomcatWebServer  : Tomcat started on port(s): 8082 (http) with context path ''
2022-04-28 11:45:28.561  INFO 17996 --- [restartedMain] .s.c.n.e.s.EurekaAutoServiceRegistration : Updating port to 8082
2022-04-28 11:45:28.565  INFO 17996 --- [DiscoveryClient-InstanceInfoReplicator-0] com.netflix.discovery.DiscoveryClient    : DiscoveryClient_GALLERY-SERVICE/host.docker.internal:gallery-service:8082 - registration status: 204
2022-04-28 11:45:28.624  INFO 17996 --- [restartedMain] c.d.g.GalleryServiceApplication          : Started GalleryServiceApplication in 0.665 seconds (JVM running for 5111.847)
2022-04-28 11:45:28.625  INFO 17996 --- [restartedMain] .ConditionEvaluationDeltaLoggingListener : Condition evaluation unchanged
2022-04-28 11:45:37.777  INFO 17996 --- [http-nio-8082-exec-1] o.a.c.c.C.[Tomcat].[localhost].[/]       : Initializing Spring DispatcherServlet 'dispatcherServlet'
2022-04-28 11:45:37.777  INFO 17996 --- [http-nio-8082-exec-1] o.s.web.servlet.DispatcherServlet        : Initializing Servlet 'dispatcherServlet'
2022-04-28 11:45:37.778  INFO 17996 --- [http-nio-8082-exec-1] o.s.web.servlet.DispatcherServlet        : Completed initialization in 0 ms
2022-04-28 11:45:37.784  INFO 17996 --- [hystrix-HomeController-1] com.dung.galleryservice.HomeController   : get gallery by id
2022-04-28 11:50:28.549  INFO 17996 --- [AsyncResolver-bootstrap-executor-0] c.n.d.s.r.aws.ConfigClusterResolver      : Resolving eureka endpoints via configuration
2022-04-28 11:55:29.881  INFO 17996 --- [AsyncResolver-bootstrap-executor-0] c.n.d.s.r.aws.ConfigClusterResolver      : Resolving eureka endpoints via configuration
2022-04-28 12:00:29.885  INFO 17996 --- [AsyncResolver-bootstrap-executor-0] c.n.d.s.r.aws.ConfigClusterResolver      : Resolving eureka endpoints via configuration
2022-04-28 12:05:29.897  INFO 17996 --- [AsyncResolver-bootstrap-executor-0] c.n.d.s.r.aws.ConfigClusterResolver      : Resolving eureka endpoints via configuration
2022-04-28 12:10:29.908  INFO 17996 --- [AsyncResolver-bootstrap-executor-0] c.n.d.s.r.aws.ConfigClusterResolver      : Resolving eureka endpoints via configuration
2022-04-28 12:15:29.925  INFO 17996 --- [AsyncResolver-bootstrap-executor-0] c.n.d.s.r.aws.ConfigClusterResolver      : Resolving eureka endpoints via configuration
2022-04-28 12:20:29.931  INFO 17996 --- [AsyncResolver-bootstrap-executor-0] c.n.d.s.r.aws.ConfigClusterResolver      : Resolving eureka endpoints via configuration
2022-04-28 12:25:29.941  INFO 17996 --- [AsyncResolver-bootstrap-executor-0] c.n.d.s.r.aws.ConfigClusterResolver      : Resolving eureka endpoints via configuration
2022-04-28 12:30:29.944  INFO 17996 --- [AsyncResolver-bootstrap-executor-0] c.n.d.s.r.aws.ConfigClusterResolver      : Resolving eureka endpoints via configuration
2022-04-28 12:35:29.952  INFO 17996 --- [AsyncResolver-bootstrap-executor-0] c.n.d.s.r.aws.ConfigClusterResolver      : Resolving eureka endpoints via configuration
2022-04-28 12:40:29.961  INFO 17996 --- [AsyncResolver-bootstrap-executor-0] c.n.d.s.r.aws.ConfigClusterResolver      : Resolving eureka endpoints via configuration
